<?xml version="1.0" encoding="UTF-8"?>
<!-- Generated by org.testng.reporters.JUnitReportReporter -->
<testsuite hostname="DESKTOP-9CE39J7" failures="0" tests="1" name="Tests.AddToCard" time="0.006" errors="0" timestamp="31 Jan 2023 17:45:29 GMT" skipped="0">
  <testcase classname="Tests.AddToCard" name="Test4" time="0.006"/>
</testsuite> <!-- Tests.AddToCard -->
